INFO 2020-10-28 15:21:20,700 --登录开始--
INFO 2020-10-28 15:21:20,957 input username:
INFO 2020-10-28 15:21:21,132 input password:123456
INFO 2020-10-28 15:21:33,956 --登录开始--
INFO 2020-10-28 15:21:34,207 input username:admin
INFO 2020-10-28 15:21:34,304 input password:
INFO 2020-10-28 15:21:44,907 --登录开始--
INFO 2020-10-28 15:21:45,073 input username:
INFO 2020-10-28 15:21:45,205 input password:
INFO 2020-10-28 16:00:27,402 --登录开始--
INFO 2020-10-28 16:00:27,855 input username:
INFO 2020-10-28 16:00:28,262 input password:123456
INFO 2020-10-28 16:00:40,421 --登录开始--
INFO 2020-10-28 16:00:40,629 input username:admin
INFO 2020-10-28 16:00:40,734 input password:
INFO 2020-10-28 16:00:51,228 --登录开始--
INFO 2020-10-28 16:00:51,509 input username:
INFO 2020-10-28 16:00:51,632 input password:
INFO 2020-10-28 16:01:02,670 --登录开始--
INFO 2020-10-28 16:01:02,995 input username:adimin
INFO 2020-10-28 16:01:03,176 input password:43212
INFO 2020-10-28 16:01:18,718 --登录开始--
INFO 2020-10-28 16:01:19,007 input username:admin
INFO 2020-10-28 16:01:19,222 input password:123456
INFO 2020-10-28 16:12:03,198 --登录开始--
INFO 2020-10-28 16:12:03,483 input username:
INFO 2020-10-28 16:12:03,671 input password:123456
INFO 2020-10-28 16:12:18,099 --登录开始--
INFO 2020-10-28 16:12:18,460 input username:admin
INFO 2020-10-28 16:12:18,669 input password:
INFO 2020-10-28 16:12:28,343 --登录开始--
INFO 2020-10-28 16:12:28,577 input username:
INFO 2020-10-28 16:12:28,680 input password:
INFO 2020-10-28 16:12:40,089 --登录开始--
INFO 2020-10-28 16:12:40,363 input username:adimin
INFO 2020-10-28 16:12:40,518 input password:43212
INFO 2020-10-28 16:12:51,300 --登录开始--
INFO 2020-10-28 16:12:51,515 input username:admin
INFO 2020-10-28 16:12:51,668 input password:123456
INFO 2020-10-28 16:28:36,958 --登录开始--
INFO 2020-10-28 16:28:37,212 input username:
INFO 2020-10-28 16:28:37,398 input password:123456
INFO 2020-10-28 16:28:49,174 --登录开始--
INFO 2020-10-28 16:28:49,348 input username:admin
INFO 2020-10-28 16:28:49,430 input password:
INFO 2020-10-28 16:28:59,434 --登录开始--
INFO 2020-10-28 16:28:59,591 input username:
INFO 2020-10-28 16:28:59,672 input password:
INFO 2020-10-28 16:29:09,381 --登录开始--
INFO 2020-10-28 16:29:09,606 input username:adimin
INFO 2020-10-28 16:29:09,740 input password:43212
INFO 2020-10-28 16:29:21,410 --登录开始--
INFO 2020-10-28 16:29:21,583 input username:admin
INFO 2020-10-28 16:29:21,716 input password:123456
INFO 2020-10-28 16:36:43,248 --登录开始--
INFO 2020-10-28 16:36:43,471 input username:
INFO 2020-10-28 16:36:43,675 input password:123456
INFO 2020-10-28 16:36:54,164 --登录开始--
INFO 2020-10-28 16:36:54,331 input username:admin
INFO 2020-10-28 16:36:54,413 input password:
INFO 2020-10-28 16:37:03,801 --登录开始--
INFO 2020-10-28 16:37:04,411 input username:
INFO 2020-10-28 16:37:04,555 input password:
INFO 2020-10-28 16:37:17,423 --登录开始--
INFO 2020-10-28 16:37:17,588 input username:adimin
INFO 2020-10-28 16:37:17,713 input password:43212
INFO 2020-10-28 16:37:26,693 --登录开始--
INFO 2020-10-28 16:37:26,885 input username:admin
INFO 2020-10-28 16:37:27,021 input password:123456
INFO 2020-10-28 16:39:44,180 --登录开始--
INFO 2020-10-28 16:39:44,455 input username:
INFO 2020-10-28 16:39:44,637 input password:123456
INFO 2020-10-28 19:10:38,315 --登录开始--
INFO 2020-10-28 19:10:38,561 input username:admin
INFO 2020-10-28 19:10:38,686 input password:123456
INFO 2020-10-28 19:14:35,886 --登录开始--
INFO 2020-10-28 19:14:36,089 input username:admin
INFO 2020-10-28 19:14:36,205 input password:123456
INFO 2020-10-28 19:20:01,782 --登录开始--
INFO 2020-10-28 19:20:01,971 input username:admin
INFO 2020-10-28 19:20:02,119 input password:123456
INFO 2020-10-28 19:20:04,819 --添加用户--
INFO 2020-10-28 19:20:12,380 --input客户name--
INFO 2020-10-28 19:20:12,516 --input客户name--
INFO 2020-10-28 19:20:12,612 --input客户Email--
INFO 2020-10-28 19:20:12,740 --input客户birthday--
INFO 2020-10-28 19:20:12,840 --input添加人--
INFO 2020-10-28 20:04:23,765 --登录开始--
INFO 2020-10-28 20:04:23,966 input username:admin
INFO 2020-10-28 20:04:24,111 input password:123456
INFO 2020-10-28 20:04:28,823 --添加用户--
INFO 2020-10-28 20:04:36,664 --input客户name--burry
INFO 2020-10-28 20:04:36,755 --input客户Email--123@qq.com
INFO 2020-10-28 20:04:36,875 --input客户birthday--2002-10-28 18:59:02
INFO 2020-10-28 20:04:36,953 --input添加人--李四
INFO 2020-10-28 20:08:17,111 --登录开始--
INFO 2020-10-28 20:08:17,301 input username:admin
INFO 2020-10-28 20:08:17,409 input password:123456
INFO 2020-10-28 20:08:21,859 --添加用户--
INFO 2020-10-28 20:08:29,628 --input客户name--:burry
INFO 2020-10-28 20:08:29,736 --input客户Email--:123@qq.com
INFO 2020-10-28 20:08:29,883 --input客户birthday--:2002-10-28 18:59:02
INFO 2020-10-28 20:08:29,960 --input添加人--:李四
INFO 2020-10-28 20:09:25,963 --登录开始--
INFO 2020-10-28 20:09:26,150 input username:admin
INFO 2020-10-28 20:09:26,279 input password:123456
INFO 2020-10-28 20:09:30,808 --添加用户--
INFO 2020-10-28 20:09:38,556 --input客户name--:burry
INFO 2020-10-28 20:09:38,684 --input客户Email--:123@qq.com
INFO 2020-10-28 20:09:38,866 --input客户birthday--:2002-10-28 18:59:02
INFO 2020-10-28 20:09:38,982 --input添加人--:李四
